<?xml version="1.0" encoding="UTF-8"?>
<!-- Generated by org.testng.reporters.JUnitReportReporter -->
<testsuite skipped="0" hostname="DESKTOP-G8ANHQO" name="TestNGRunner.TestNGRunner$TestRunner" tests="1" failures="0" timestamp="07 Jan 2018 23:25:18 GMT" time="10.468" errors="0">
  <testcase name="feature" time="10.468" classname="TestNGRunner.TestNGRunner$TestRunner"/>
</testsuite> <!-- TestNGRunner.TestNGRunner$TestRunner -->
